# JRE version: OpenJDK Runtime Environment (8.0_222-b10) (build 1.8.0_222-b10)
# Java VM: OpenJDK 64-Bit Server VM (25.222-b10 mixed mode linux-amd64 compressed oops)
Heap:
 PSYoungGen      total 132096K, used 9142K [0x00000000ec800000, 0x00000000f5500000, 0x0000000100000000)
  eden space 121344K, 0% used [0x00000000ec800000,0x00000000ec800000,0x00000000f3e80000)
  from space 10752K, 85% used [0x00000000f3e80000,0x00000000f476dbf0,0x00000000f4900000)
  to   space 9216K, 0% used [0x00000000f4900000,0x00000000f4900000,0x00000000f5200000)
 ParOldGen       total 40960K, used 14280K [0x00000000c5800000, 0x00000000c8000000, 0x00000000ec800000)
  object space 40960K, 34% used [0x00000000c5800000,0x00000000c65f2190,0x00000000c8000000)
 Metaspace       used 20575K, capacity 21166K, committed 21296K, reserved 1069056K
  class space    used 2429K, capacity 2623K, committed 2688K, reserved 1048576K
GC Heap History (10 events):
Event: 2.068 GC heap after
Heap after GC invocations=4 (full 0):
 PSYoungGen      total 33280K, used 2544K [0x00000000ec800000, 0x00000000eeb00000, 0x0000000100000000)
  eden space 30720K, 0% used [0x00000000ec800000,0x00000000ec800000,0x00000000ee600000)
  from space 2560K, 99% used [0x00000000ee880000,0x00000000eeafc030,0x00000000eeb00000)
  to   space 2560K, 0% used [0x00000000ee600000,0x00000000ee600000,0x00000000ee880000)
 ParOldGen       total 40960K, used 4544K [0x00000000c5800000, 0x00000000c8000000, 0x00000000ec800000)
  object space 40960K, 11% used [0x00000000c5800000,0x00000000c5c702a0,0x00000000c8000000)
 Metaspace       used 11296K, capacity 11554K, committed 11776K, reserved 1058816K
  class space    used 1386K, capacity 1482K, committed 1536K, reserved 1048576K
}
Event: 3.096 GC heap before
{Heap before GC invocations=5 (full 0):
 PSYoungGen      total 33280K, used 33264K [0x00000000ec800000, 0x00000000eeb00000, 0x0000000100000000)
  eden space 30720K, 100% used [0x00000000ec800000,0x00000000ee600000,0x00000000ee600000)
  from space 2560K, 99% used [0x00000000ee880000,0x00000000eeafc030,0x00000000eeb00000)
  to   space 2560K, 0% used [0x00000000ee600000,0x00000000ee600000,0x00000000ee880000)
 ParOldGen       total 40960K, used 4544K [0x00000000c5800000, 0x00000000c8000000, 0x00000000ec800000)
  object space 40960K, 11% used [0x00000000c5800000,0x00000000c5c702a0,0x00000000c8000000)
 Metaspace       used 14578K, capacity 14872K, committed 15232K, reserved 1062912K
  class space    used 1760K, capacity 1851K, committed 1920K, reserved 1048576K
Event: 3.118 GC heap after
Heap after GC invocations=5 (full 0):
 PSYoungGen      total 33280K, used 2544K [0x00000000ec800000, 0x00000000f1300000, 0x0000000100000000)
  eden space 30720K, 0% used [0x00000000ec800000,0x00000000ec800000,0x00000000ee600000)
  from space 2560K, 99% used [0x00000000ee600000,0x00000000ee87c050,0x00000000ee880000)
  to   space 7680K, 0% used [0x00000000f0b80000,0x00000000f0b80000,0x00000000f1300000)
 ParOldGen       total 40960K, used 8854K [0x00000000c5800000, 0x00000000c8000000, 0x00000000ec800000)
  object space 40960K, 21% used [0x00000000c5800000,0x00000000c60a5aa0,0x00000000c8000000)
 Metaspace       used 14578K, capacity 14872K, committed 15232K, reserved 1062912K
  class space    used 1760K, capacity 1851K, committed 1920K, reserved 1048576K
}
Event: 4.155 GC heap before
{Heap before GC invocations=6 (full 0):
 PSYoungGen      total 33280K, used 33264K [0x00000000ec800000, 0x00000000f1300000, 0x0000000100000000)
  eden space 30720K, 100% used [0x00000000ec800000,0x00000000ee600000,0x00000000ee600000)
  from space 2560K, 99% used [0x00000000ee600000,0x00000000ee87c050,0x00000000ee880000)
  to   space 7680K, 0% used [0x00000000f0b80000,0x00000000f0b80000,0x00000000f1300000)
 ParOldGen       total 40960K, used 8854K [0x00000000c5800000, 0x00000000c8000000, 0x00000000ec800000)
  object space 40960K, 21% used [0x00000000c5800000,0x00000000c60a5aa0,0x00000000c8000000)
 Metaspace       used 15078K, capacity 15382K, committed 15488K, reserved 1062912K
  class space    used 1792K, capacity 1888K, committed 1920K, reserved 1048576K
Event: 4.167 GC heap after
Heap after GC invocations=6 (full 0):
 PSYoungGen      total 68096K, used 4631K [0x00000000ec800000, 0x00000000f1200000, 0x0000000100000000)
  eden space 61440K, 0% used [0x00000000ec800000,0x00000000ec800000,0x00000000f0400000)
  from space 6656K, 69% used [0x00000000f0b80000,0x00000000f1005e00,0x00000000f1200000)
  to   space 7168K, 0% used [0x00000000f0400000,0x00000000f0400000,0x00000000f0b00000)
 ParOldGen       total 40960K, used 8862K [0x00000000c5800000, 0x00000000c8000000, 0x00000000ec800000)
  object space 40960K, 21% used [0x00000000c5800000,0x00000000c60a7aa0,0x00000000c8000000)
 Metaspace       used 15078K, capacity 15382K, committed 15488K, reserved 1062912K
  class space    used 1792K, capacity 1888K, committed 1920K, reserved 1048576K
}
Event: 5.590 GC heap before
{Heap before GC invocations=7 (full 0):
 PSYoungGen      total 68096K, used 66071K [0x00000000ec800000, 0x00000000f1200000, 0x0000000100000000)
  eden space 61440K, 100% used [0x00000000ec800000,0x00000000f0400000,0x00000000f0400000)
  from space 6656K, 69% used [0x00000000f0b80000,0x00000000f1005e00,0x00000000f1200000)
  to   space 7168K, 0% used [0x00000000f0400000,0x00000000f0400000,0x00000000f0b00000)
 ParOldGen       total 40960K, used 8862K [0x00000000c5800000, 0x00000000c8000000, 0x00000000ec800000)
  object space 40960K, 21% used [0x00000000c5800000,0x00000000c60a7aa0,0x00000000c8000000)
 Metaspace       used 18094K, capacity 18642K, committed 18944K, reserved 1067008K
  class space    used 2125K, capacity 2258K, committed 2304K, reserved 1048576K
Event: 5.606 GC heap after
Heap after GC invocations=7 (full 0):
 PSYoungGen      total 68608K, used 7152K [0x00000000ec800000, 0x00000000f5200000, 0x0000000100000000)
  eden space 61440K, 0% used [0x00000000ec800000,0x00000000ec800000,0x00000000f0400000)
  from space 7168K, 99% used [0x00000000f0400000,0x00000000f0afc048,0x00000000f0b00000)
  to   space 9216K, 0% used [0x00000000f4900000,0x00000000f4900000,0x00000000f5200000)
 ParOldGen       total 40960K, used 10867K [0x00000000c5800000, 0x00000000c8000000, 0x00000000ec800000)
  object space 40960K, 26% used [0x00000000c5800000,0x00000000c629cf58,0x00000000c8000000)
 Metaspace       used 18094K, capacity 18642K, committed 18944K, reserved 1067008K
  class space    used 2125K, capacity 2258K, committed 2304K, reserved 1048576K
}
Event: 8.187 GC heap before
{Heap before GC invocations=8 (full 0):
 PSYoungGen      total 68608K, used 68592K [0x00000000ec800000, 0x00000000f5200000, 0x0000000100000000)
  eden space 61440K, 100% used [0x00000000ec800000,0x00000000f0400000,0x00000000f0400000)
  from space 7168K, 99% used [0x00000000f0400000,0x00000000f0afc048,0x00000000f0b00000)
  to   space 9216K, 0% used [0x00000000f4900000,0x00000000f4900000,0x00000000f5200000)
 ParOldGen       total 40960K, used 10867K [0x00000000c5800000, 0x00000000c8000000, 0x00000000ec800000)
  object space 40960K, 26% used [0x00000000c5800000,0x00000000c629cf58,0x00000000c8000000)
 Metaspace       used 19768K, capacity 20308K, committed 20480K, reserved 1067008K
  class space    used 2308K, capacity 2481K, committed 2560K, reserved 1048576K
Event: 8.234 GC heap after
Heap after GC invocations=8 (full 0):
 PSYoungGen      total 130560K, used 9196K [0x00000000ec800000, 0x00000000f5500000, 0x0000000100000000)
  eden space 121344K, 0% used [0x00000000ec800000,0x00000000ec800000,0x00000000f3e80000)
  from space 9216K, 99% used [0x00000000f4900000,0x00000000f51fb020,0x00000000f5200000)
  to   space 10752K, 0% used [0x00000000f3e80000,0x00000000f3e80000,0x00000000f4900000)
 ParOldGen       total 40960K, used 11708K [0x00000000c5800000, 0x00000000c8000000, 0x00000000ec800000)
  object space 40960K, 28% used [0x00000000c5800000,0x00000000c636f180,0x00000000c8000000)
 Metaspace       used 19768K, capacity 20308K, committed 20480K, reserved 1067008K
  class space    used 2308K, capacity 2481K, committed 2560K, reserved 1048576K
}
Event: 9.219 GC heap before
{Heap before GC invocations=9 (full 0):
 PSYoungGen      total 130560K, used 46640K [0x00000000ec800000, 0x00000000f5500000, 0x0000000100000000)
  eden space 121344K, 30% used [0x00000000ec800000,0x00000000eec91240,0x00000000f3e80000)
  from space 9216K, 99% used [0x00000000f4900000,0x00000000f51fb020,0x00000000f5200000)
  to   space 10752K, 0% used [0x00000000f3e80000,0x00000000f3e80000,0x00000000f4900000)
 ParOldGen       total 40960K, used 11708K [0x00000000c5800000, 0x00000000c8000000, 0x00000000ec800000)
  object space 40960K, 28% used [0x00000000c5800000,0x00000000c636f180,0x00000000c8000000)
 Metaspace       used 20575K, capacity 21166K, committed 21296K, reserved 1069056K
  class space    used 2429K, capacity 2623K, committed 2688K, reserved 1048576K

